2025-11-14 14:36:42 [INFO ] main StartupInfoLogger.java:55 com.mobile.outalarm2.OutAlarm2Application Starting OutAlarm2Application using Java 1.8.0_191 on zhenghao with PID 5500 (D:\work\2025\08\outalarm2-test\target\classes started by 47480 in D:\work\2025\08\outalarm2-test)
2025-11-14 14:36:42 [INFO ] main SpringApplication.java:651 com.mobile.outalarm2.OutAlarm2Application The following 1 profile is active: "test"
2025-11-14 14:36:44 [INFO ] main TomcatWebServer.java:108 org.springframework.boot.web.embedded.tomcat.TomcatWebServer Tomcat initialized with port(s): 8090 (http)
2025-11-14 14:36:44 [INFO ] main DirectJDKLog.java:173 org.apache.catalina.core.AprLifecycleListener Loaded Apache Tomcat Native library [1.3.1] using APR version [1.7.4].
2025-11-14 14:36:44 [INFO ] main DirectJDKLog.java:173 org.apache.catalina.core.AprLifecycleListener APR capabilities: IPv6 [true], sendfile [true], accept filters [false], random [true], UDS [true].
2025-11-14 14:36:44 [INFO ] main DirectJDKLog.java:173 org.apache.catalina.core.AprLifecycleListener APR/OpenSSL configuration: useAprConnector [false], useOpenSSL [true]
2025-11-14 14:36:44 [INFO ] main DirectJDKLog.java:173 org.apache.catalina.core.AprLifecycleListener OpenSSL successfully initialized [OpenSSL 3.0.14 4 Jun 2024]
2025-11-14 14:36:44 [INFO ] main DirectJDKLog.java:173 org.apache.coyote.http11.Http11NioProtocol Initializing ProtocolHandler ["http-nio-8090"]
2025-11-14 14:36:44 [INFO ] main DirectJDKLog.java:173 org.apache.catalina.core.StandardService Starting service [Tomcat]
2025-11-14 14:36:44 [INFO ] main DirectJDKLog.java:173 org.apache.catalina.core.StandardEngine Starting Servlet engine: [Apache Tomcat/9.0.68]
2025-11-14 14:36:44 [INFO ] main DirectJDKLog.java:173 org.apache.catalina.core.ContainerBase.[Tomcat].[localhost].[/] Initializing Spring embedded WebApplicationContext
2025-11-14 14:36:44 [INFO ] main ServletWebServerApplicationContext.java:290 org.springframework.boot.web.servlet.context.ServletWebServerApplicationContext Root WebApplicationContext: initialization completed in 2017 ms
2025-11-14 14:36:44 [INFO ] main DruidDataSourceAutoConfigure.java:56 com.alibaba.druid.spring.boot.autoconfigure.DruidDataSourceAutoConfigure Init DruidDataSource
2025-11-14 14:36:44 [INFO ] main DruidDataSource.java:985 com.alibaba.druid.pool.DruidDataSource {dataSource-1} inited
2025-11-14 14:36:45 [INFO ] main AbstractConfig.java:376 org.apache.kafka.clients.consumer.ConsumerConfig ConsumerConfig values: 
	allow.auto.create.topics = true
	auto.commit.interval.ms = 1000
	auto.offset.reset = earliest
	bootstrap.servers = [10.209.44.87:9092, 10.209.44.103:9092, 10.209.44.114:9092]
	check.crcs = true
	client.dns.lookup = use_all_dns_ips
	client.id = consumer-test3-1
	client.rack = 
	connections.max.idle.ms = 540000
	default.api.timeout.ms = 60000
	enable.auto.commit = false
	exclude.internal.topics = true
	fetch.max.bytes = 52428800
	fetch.max.wait.ms = 5000
	fetch.min.bytes = 1895825408
	group.id = test3
	group.instance.id = null
	heartbeat.interval.ms = 3000
	interceptor.classes = []
	internal.leave.group.on.close = true
	internal.throw.on.fetch.stable.offset.unsupported = false
	isolation.level = read_uncommitted
	key.deserializer = class org.apache.kafka.common.serialization.StringDeserializer
	max.partition.fetch.bytes = 1048576
	max.poll.interval.ms = 300000
	max.poll.records = 1000
	metadata.max.age.ms = 300000
	metric.reporters = []
	metrics.num.samples = 2
	metrics.recording.level = INFO
	metrics.sample.window.ms = 30000
	partition.assignment.strategy = [class org.apache.kafka.clients.consumer.RangeAssignor, class org.apache.kafka.clients.consumer.CooperativeStickyAssignor]
	receive.buffer.bytes = 65536
	reconnect.backoff.max.ms = 1000
	reconnect.backoff.ms = 50
	request.timeout.ms = 30000
	retry.backoff.ms = 100
	sasl.client.callback.handler.class = null
	sasl.jaas.config = null
	sasl.kerberos.kinit.cmd = /usr/bin/kinit
	sasl.kerberos.min.time.before.relogin = 60000
	sasl.kerberos.service.name = null
	sasl.kerberos.ticket.renew.jitter = 0.05
	sasl.kerberos.ticket.renew.window.factor = 0.8
	sasl.login.callback.handler.class = null
	sasl.login.class = null
	sasl.login.refresh.buffer.seconds = 300
	sasl.login.refresh.min.period.seconds = 60
	sasl.login.refresh.window.factor = 0.8
	sasl.login.refresh.window.jitter = 0.05
	sasl.mechanism = GSSAPI
	security.protocol = PLAINTEXT
	security.providers = null
	send.buffer.bytes = 131072
	session.timeout.ms = 45000
	socket.connection.setup.timeout.max.ms = 30000
	socket.connection.setup.timeout.ms = 10000
	ssl.cipher.suites = null
	ssl.enabled.protocols = [TLSv1.2]
	ssl.endpoint.identification.algorithm = https
	ssl.engine.factory.class = null
	ssl.key.password = null
	ssl.keymanager.algorithm = SunX509
	ssl.keystore.certificate.chain = null
	ssl.keystore.key = null
	ssl.keystore.location = null
	ssl.keystore.password = null
	ssl.keystore.type = JKS
	ssl.protocol = TLSv1.2
	ssl.provider = null
	ssl.secure.random.implementation = null
	ssl.trustmanager.algorithm = PKIX
	ssl.truststore.certificates = null
	ssl.truststore.location = null
	ssl.truststore.password = null
	ssl.truststore.type = JKS
	value.deserializer = class org.apache.kafka.common.serialization.StringDeserializer

2025-11-14 14:36:45 [INFO ] main AppInfoParser.java:119 org.apache.kafka.common.utils.AppInfoParser Kafka version: 3.0.2
2025-11-14 14:36:45 [INFO ] main AppInfoParser.java:120 org.apache.kafka.common.utils.AppInfoParser Kafka commitId: 25b1aea02e37da14
2025-11-14 14:36:45 [INFO ] main AppInfoParser.java:121 org.apache.kafka.common.utils.AppInfoParser Kafka startTimeMs: 1763102205501
2025-11-14 14:36:45 [INFO ] main KafkaConsumer.java:966 org.apache.kafka.clients.consumer.KafkaConsumer [Consumer clientId=consumer-test3-1, groupId=test3] Subscribed to topic(s): asap_superset
2025-11-14 14:36:45 [INFO ] main AbstractConfig.java:376 org.apache.kafka.clients.consumer.ConsumerConfig ConsumerConfig values: 
	allow.auto.create.topics = true
	auto.commit.interval.ms = 1000
	auto.offset.reset = earliest
	bootstrap.servers = [10.209.44.87:9092, 10.209.44.103:9092, 10.209.44.114:9092]
	check.crcs = true
	client.dns.lookup = use_all_dns_ips
	client.id = consumer-test3-2
	client.rack = 
	connections.max.idle.ms = 540000
	default.api.timeout.ms = 60000
	enable.auto.commit = false
	exclude.internal.topics = true
	fetch.max.bytes = 52428800
	fetch.max.wait.ms = 5000
	fetch.min.bytes = 1895825408
	group.id = test3
	group.instance.id = null
	heartbeat.interval.ms = 3000
	interceptor.classes = []
	internal.leave.group.on.close = true
	internal.throw.on.fetch.stable.offset.unsupported = false
	isolation.level = read_uncommitted
	key.deserializer = class org.apache.kafka.common.serialization.StringDeserializer
	max.partition.fetch.bytes = 1048576
	max.poll.interval.ms = 300000
	max.poll.records = 1000
	metadata.max.age.ms = 300000
	metric.reporters = []
	metrics.num.samples = 2
	metrics.recording.level = INFO
	metrics.sample.window.ms = 30000
	partition.assignment.strategy = [class org.apache.kafka.clients.consumer.RangeAssignor, class org.apache.kafka.clients.consumer.CooperativeStickyAssignor]
	receive.buffer.bytes = 65536
	reconnect.backoff.max.ms = 1000
	reconnect.backoff.ms = 50
	request.timeout.ms = 30000
	retry.backoff.ms = 100
	sasl.client.callback.handler.class = null
	sasl.jaas.config = null
	sasl.kerberos.kinit.cmd = /usr/bin/kinit
	sasl.kerberos.min.time.before.relogin = 60000
	sasl.kerberos.service.name = null
	sasl.kerberos.ticket.renew.jitter = 0.05
	sasl.kerberos.ticket.renew.window.factor = 0.8
	sasl.login.callback.handler.class = null
	sasl.login.class = null
	sasl.login.refresh.buffer.seconds = 300
	sasl.login.refresh.min.period.seconds = 60
	sasl.login.refresh.window.factor = 0.8
	sasl.login.refresh.window.jitter = 0.05
	sasl.mechanism = GSSAPI
	security.protocol = PLAINTEXT
	security.providers = null
	send.buffer.bytes = 131072
	session.timeout.ms = 45000
	socket.connection.setup.timeout.max.ms = 30000
	socket.connection.setup.timeout.ms = 10000
	ssl.cipher.suites = null
	ssl.enabled.protocols = [TLSv1.2]
	ssl.endpoint.identification.algorithm = https
	ssl.engine.factory.class = null
	ssl.key.password = null
	ssl.keymanager.algorithm = SunX509
	ssl.keystore.certificate.chain = null
	ssl.keystore.key = null
	ssl.keystore.location = null
	ssl.keystore.password = null
	ssl.keystore.type = JKS
	ssl.protocol = TLSv1.2
	ssl.provider = null
	ssl.secure.random.implementation = null
	ssl.trustmanager.algorithm = PKIX
	ssl.truststore.certificates = null
	ssl.truststore.location = null
	ssl.truststore.password = null
	ssl.truststore.type = JKS
	value.deserializer = class org.apache.kafka.common.serialization.StringDeserializer

2025-11-14 14:36:45 [INFO ] main AppInfoParser.java:119 org.apache.kafka.common.utils.AppInfoParser Kafka version: 3.0.2
2025-11-14 14:36:45 [INFO ] main AppInfoParser.java:120 org.apache.kafka.common.utils.AppInfoParser Kafka commitId: 25b1aea02e37da14
2025-11-14 14:36:45 [INFO ] main AppInfoParser.java:121 org.apache.kafka.common.utils.AppInfoParser Kafka startTimeMs: 1763102205517
2025-11-14 14:36:45 [INFO ] main KafkaConsumer.java:966 org.apache.kafka.clients.consumer.KafkaConsumer [Consumer clientId=consumer-test3-2, groupId=test3] Subscribed to topic(s): asap_superset
2025-11-14 14:36:45 [INFO ] main AbstractConfig.java:376 org.apache.kafka.clients.consumer.ConsumerConfig ConsumerConfig values: 
	allow.auto.create.topics = true
	auto.commit.interval.ms = 1000
	auto.offset.reset = earliest
	bootstrap.servers = [10.209.44.87:9092, 10.209.44.103:9092, 10.209.44.114:9092]
	check.crcs = true
	client.dns.lookup = use_all_dns_ips
	client.id = consumer-test3-3
	client.rack = 
	connections.max.idle.ms = 540000
	default.api.timeout.ms = 60000
	enable.auto.commit = false
	exclude.internal.topics = true
	fetch.max.bytes = 52428800
	fetch.max.wait.ms = 5000
	fetch.min.bytes = 1895825408
	group.id = test3
	group.instance.id = null
	heartbeat.interval.ms = 3000
	interceptor.classes = []
	internal.leave.group.on.close = true
	internal.throw.on.fetch.stable.offset.unsupported = false
	isolation.level = read_uncommitted
	key.deserializer = class org.apache.kafka.common.serialization.StringDeserializer
	max.partition.fetch.bytes = 1048576
	max.poll.interval.ms = 300000
	max.poll.records = 1000
	metadata.max.age.ms = 300000
	metric.reporters = []
	metrics.num.samples = 2
	metrics.recording.level = INFO
	metrics.sample.window.ms = 30000
	partition.assignment.strategy = [class org.apache.kafka.clients.consumer.RangeAssignor, class org.apache.kafka.clients.consumer.CooperativeStickyAssignor]
	receive.buffer.bytes = 65536
	reconnect.backoff.max.ms = 1000
	reconnect.backoff.ms = 50
	request.timeout.ms = 30000
	retry.backoff.ms = 100
	sasl.client.callback.handler.class = null
	sasl.jaas.config = null
	sasl.kerberos.kinit.cmd = /usr/bin/kinit
	sasl.kerberos.min.time.before.relogin = 60000
	sasl.kerberos.service.name = null
	sasl.kerberos.ticket.renew.jitter = 0.05
	sasl.kerberos.ticket.renew.window.factor = 0.8
	sasl.login.callback.handler.class = null
	sasl.login.class = null
	sasl.login.refresh.buffer.seconds = 300
	sasl.login.refresh.min.period.seconds = 60
	sasl.login.refresh.window.factor = 0.8
	sasl.login.refresh.window.jitter = 0.05
	sasl.mechanism = GSSAPI
	security.protocol = PLAINTEXT
	security.providers = null
	send.buffer.bytes = 131072
	session.timeout.ms = 45000
	socket.connection.setup.timeout.max.ms = 30000
	socket.connection.setup.timeout.ms = 10000
	ssl.cipher.suites = null
	ssl.enabled.protocols = [TLSv1.2]
	ssl.endpoint.identification.algorithm = https
	ssl.engine.factory.class = null
	ssl.key.password = null
	ssl.keymanager.algorithm = SunX509
	ssl.keystore.certificate.chain = null
	ssl.keystore.key = null
	ssl.keystore.location = null
	ssl.keystore.password = null
	ssl.keystore.type = JKS
	ssl.protocol = TLSv1.2
	ssl.provider = null
	ssl.secure.random.implementation = null
	ssl.trustmanager.algorithm = PKIX
	ssl.truststore.certificates = null
	ssl.truststore.location = null
	ssl.truststore.password = null
	ssl.truststore.type = JKS
	value.deserializer = class org.apache.kafka.common.serialization.StringDeserializer

2025-11-14 14:36:45 [INFO ] main AppInfoParser.java:119 org.apache.kafka.common.utils.AppInfoParser Kafka version: 3.0.2
2025-11-14 14:36:45 [INFO ] main AppInfoParser.java:120 org.apache.kafka.common.utils.AppInfoParser Kafka commitId: 25b1aea02e37da14
2025-11-14 14:36:45 [INFO ] main AppInfoParser.java:121 org.apache.kafka.common.utils.AppInfoParser Kafka startTimeMs: 1763102205524
2025-11-14 14:36:45 [INFO ] main KafkaConsumer.java:966 org.apache.kafka.clients.consumer.KafkaConsumer [Consumer clientId=consumer-test3-3, groupId=test3] Subscribed to topic(s): asap_superset
2025-11-14 14:36:45 [INFO ] main AbstractConfig.java:376 org.apache.kafka.clients.consumer.ConsumerConfig ConsumerConfig values: 
	allow.auto.create.topics = true
	auto.commit.interval.ms = 1000
	auto.offset.reset = earliest
	bootstrap.servers = [10.209.44.87:9092, 10.209.44.103:9092, 10.209.44.114:9092]
	check.crcs = true
	client.dns.lookup = use_all_dns_ips
	client.id = consumer-test3-4
	client.rack = 
	connections.max.idle.ms = 540000
	default.api.timeout.ms = 60000
	enable.auto.commit = false
	exclude.internal.topics = true
	fetch.max.bytes = 52428800
	fetch.max.wait.ms = 5000
	fetch.min.bytes = 1895825408
	group.id = test3
	group.instance.id = null
	heartbeat.interval.ms = 3000
	interceptor.classes = []
	internal.leave.group.on.close = true
	internal.throw.on.fetch.stable.offset.unsupported = false
	isolation.level = read_uncommitted
	key.deserializer = class org.apache.kafka.common.serialization.StringDeserializer
	max.partition.fetch.bytes = 1048576
	max.poll.interval.ms = 300000
	max.poll.records = 1000
	metadata.max.age.ms = 300000
	metric.reporters = []
	metrics.num.samples = 2
	metrics.recording.level = INFO
	metrics.sample.window.ms = 30000
	partition.assignment.strategy = [class org.apache.kafka.clients.consumer.RangeAssignor, class org.apache.kafka.clients.consumer.CooperativeStickyAssignor]
	receive.buffer.bytes = 65536
	reconnect.backoff.max.ms = 1000
	reconnect.backoff.ms = 50
	request.timeout.ms = 30000
	retry.backoff.ms = 100
	sasl.client.callback.handler.class = null
	sasl.jaas.config = null
	sasl.kerberos.kinit.cmd = /usr/bin/kinit
	sasl.kerberos.min.time.before.relogin = 60000
	sasl.kerberos.service.name = null
	sasl.kerberos.ticket.renew.jitter = 0.05
	sasl.kerberos.ticket.renew.window.factor = 0.8
	sasl.login.callback.handler.class = null
	sasl.login.class = null
	sasl.login.refresh.buffer.seconds = 300
	sasl.login.refresh.min.period.seconds = 60
	sasl.login.refresh.window.factor = 0.8
	sasl.login.refresh.window.jitter = 0.05
	sasl.mechanism = GSSAPI
	security.protocol = PLAINTEXT
	security.providers = null
	send.buffer.bytes = 131072
	session.timeout.ms = 45000
	socket.connection.setup.timeout.max.ms = 30000
	socket.connection.setup.timeout.ms = 10000
	ssl.cipher.suites = null
	ssl.enabled.protocols = [TLSv1.2]
	ssl.endpoint.identification.algorithm = https
	ssl.engine.factory.class = null
	ssl.key.password = null
	ssl.keymanager.algorithm = SunX509
	ssl.keystore.certificate.chain = null
	ssl.keystore.key = null
	ssl.keystore.location = null
	ssl.keystore.password = null
	ssl.keystore.type = JKS
	ssl.protocol = TLSv1.2
	ssl.provider = null
	ssl.secure.random.implementation = null
	ssl.trustmanager.algorithm = PKIX
	ssl.truststore.certificates = null
	ssl.truststore.location = null
	ssl.truststore.password = null
	ssl.truststore.type = JKS
	value.deserializer = class org.apache.kafka.common.serialization.StringDeserializer

2025-11-14 14:36:45 [INFO ] main AppInfoParser.java:119 org.apache.kafka.common.utils.AppInfoParser Kafka version: 3.0.2
2025-11-14 14:36:45 [INFO ] main AppInfoParser.java:120 org.apache.kafka.common.utils.AppInfoParser Kafka commitId: 25b1aea02e37da14
2025-11-14 14:36:45 [INFO ] main AppInfoParser.java:121 org.apache.kafka.common.utils.AppInfoParser Kafka startTimeMs: 1763102205529
2025-11-14 14:36:45 [INFO ] main KafkaConsumer.java:966 org.apache.kafka.clients.consumer.KafkaConsumer [Consumer clientId=consumer-test3-4, groupId=test3] Subscribed to topic(s): asap_superset
2025-11-14 14:36:45 [INFO ] main AbstractConfig.java:376 org.apache.kafka.clients.consumer.ConsumerConfig ConsumerConfig values: 
	allow.auto.create.topics = true
	auto.commit.interval.ms = 1000
	auto.offset.reset = earliest
	bootstrap.servers = [10.209.44.87:9092, 10.209.44.103:9092, 10.209.44.114:9092]
	check.crcs = true
	client.dns.lookup = use_all_dns_ips
	client.id = consumer-test3-5
	client.rack = 
	connections.max.idle.ms = 540000
	default.api.timeout.ms = 60000
	enable.auto.commit = false
	exclude.internal.topics = true
	fetch.max.bytes = 52428800
	fetch.max.wait.ms = 5000
	fetch.min.bytes = 1895825408
	group.id = test3
	group.instance.id = null
	heartbeat.interval.ms = 3000
	interceptor.classes = []
	internal.leave.group.on.close = true
	internal.throw.on.fetch.stable.offset.unsupported = false
	isolation.level = read_uncommitted
	key.deserializer = class org.apache.kafka.common.serialization.StringDeserializer
	max.partition.fetch.bytes = 1048576
	max.poll.interval.ms = 300000
	max.poll.records = 1000
	metadata.max.age.ms = 300000
	metric.reporters = []
	metrics.num.samples = 2
	metrics.recording.level = INFO
	metrics.sample.window.ms = 30000
	partition.assignment.strategy = [class org.apache.kafka.clients.consumer.RangeAssignor, class org.apache.kafka.clients.consumer.CooperativeStickyAssignor]
	receive.buffer.bytes = 65536
	reconnect.backoff.max.ms = 1000
	reconnect.backoff.ms = 50
	request.timeout.ms = 30000
	retry.backoff.ms = 100
	sasl.client.callback.handler.class = null
	sasl.jaas.config = null
	sasl.kerberos.kinit.cmd = /usr/bin/kinit
	sasl.kerberos.min.time.before.relogin = 60000
	sasl.kerberos.service.name = null
	sasl.kerberos.ticket.renew.jitter = 0.05
	sasl.kerberos.ticket.renew.window.factor = 0.8
	sasl.login.callback.handler.class = null
	sasl.login.class = null
	sasl.login.refresh.buffer.seconds = 300
	sasl.login.refresh.min.period.seconds = 60
	sasl.login.refresh.window.factor = 0.8
	sasl.login.refresh.window.jitter = 0.05
	sasl.mechanism = GSSAPI
	security.protocol = PLAINTEXT
	security.providers = null
	send.buffer.bytes = 131072
	session.timeout.ms = 45000
	socket.connection.setup.timeout.max.ms = 30000
	socket.connection.setup.timeout.ms = 10000
	ssl.cipher.suites = null
	ssl.enabled.protocols = [TLSv1.2]
	ssl.endpoint.identification.algorithm = https
	ssl.engine.factory.class = null
	ssl.key.password = null
	ssl.keymanager.algorithm = SunX509
	ssl.keystore.certificate.chain = null
	ssl.keystore.key = null
	ssl.keystore.location = null
	ssl.keystore.password = null
	ssl.keystore.type = JKS
	ssl.protocol = TLSv1.2
	ssl.provider = null
	ssl.secure.random.implementation = null
	ssl.trustmanager.algorithm = PKIX
	ssl.truststore.certificates = null
	ssl.truststore.location = null
	ssl.truststore.password = null
	ssl.truststore.type = JKS
	value.deserializer = class org.apache.kafka.common.serialization.StringDeserializer

2025-11-14 14:36:45 [INFO ] main AppInfoParser.java:119 org.apache.kafka.common.utils.AppInfoParser Kafka version: 3.0.2
2025-11-14 14:36:45 [INFO ] main AppInfoParser.java:120 org.apache.kafka.common.utils.AppInfoParser Kafka commitId: 25b1aea02e37da14
2025-11-14 14:36:45 [INFO ] main AppInfoParser.java:121 org.apache.kafka.common.utils.AppInfoParser Kafka startTimeMs: 1763102205534
2025-11-14 14:36:45 [INFO ] main KafkaConsumer.java:966 org.apache.kafka.clients.consumer.KafkaConsumer [Consumer clientId=consumer-test3-5, groupId=test3] Subscribed to topic(s): asap_superset
2025-11-14 14:36:45 [INFO ] main AbstractConfig.java:376 org.apache.kafka.clients.consumer.ConsumerConfig ConsumerConfig values: 
	allow.auto.create.topics = true
	auto.commit.interval.ms = 1000
	auto.offset.reset = earliest
	bootstrap.servers = [10.209.44.87:9092, 10.209.44.103:9092, 10.209.44.114:9092]
	check.crcs = true
	client.dns.lookup = use_all_dns_ips
	client.id = consumer-test3-6
	client.rack = 
	connections.max.idle.ms = 540000
	default.api.timeout.ms = 60000
	enable.auto.commit = false
	exclude.internal.topics = true
	fetch.max.bytes = 52428800
	fetch.max.wait.ms = 5000
	fetch.min.bytes = 1895825408
	group.id = test3
	group.instance.id = null
	heartbeat.interval.ms = 3000
	interceptor.classes = []
	internal.leave.group.on.close = true
	internal.throw.on.fetch.stable.offset.unsupported = false
	isolation.level = read_uncommitted
	key.deserializer = class org.apache.kafka.common.serialization.StringDeserializer
	max.partition.fetch.bytes = 1048576
	max.poll.interval.ms = 300000
	max.poll.records = 1000
	metadata.max.age.ms = 300000
	metric.reporters = []
	metrics.num.samples = 2
	metrics.recording.level = INFO
	metrics.sample.window.ms = 30000
	partition.assignment.strategy = [class org.apache.kafka.clients.consumer.RangeAssignor, class org.apache.kafka.clients.consumer.CooperativeStickyAssignor]
	receive.buffer.bytes = 65536
	reconnect.backoff.max.ms = 1000
	reconnect.backoff.ms = 50
	request.timeout.ms = 30000
	retry.backoff.ms = 100
	sasl.client.callback.handler.class = null
	sasl.jaas.config = null
	sasl.kerberos.kinit.cmd = /usr/bin/kinit
	sasl.kerberos.min.time.before.relogin = 60000
	sasl.kerberos.service.name = null
	sasl.kerberos.ticket.renew.jitter = 0.05
	sasl.kerberos.ticket.renew.window.factor = 0.8
	sasl.login.callback.handler.class = null
	sasl.login.class = null
	sasl.login.refresh.buffer.seconds = 300
	sasl.login.refresh.min.period.seconds = 60
	sasl.login.refresh.window.factor = 0.8
	sasl.login.refresh.window.jitter = 0.05
	sasl.mechanism = GSSAPI
	security.protocol = PLAINTEXT
	security.providers = null
	send.buffer.bytes = 131072
	session.timeout.ms = 45000
	socket.connection.setup.timeout.max.ms = 30000
	socket.connection.setup.timeout.ms = 10000
	ssl.cipher.suites = null
	ssl.enabled.protocols = [TLSv1.2]
	ssl.endpoint.identification.algorithm = https
	ssl.engine.factory.class = null
	ssl.key.password = null
	ssl.keymanager.algorithm = SunX509
	ssl.keystore.certificate.chain = null
	ssl.keystore.key = null
	ssl.keystore.location = null
	ssl.keystore.password = null
	ssl.keystore.type = JKS
	ssl.protocol = TLSv1.2
	ssl.provider = null
	ssl.secure.random.implementation = null
	ssl.trustmanager.algorithm = PKIX
	ssl.truststore.certificates = null
	ssl.truststore.location = null
	ssl.truststore.password = null
	ssl.truststore.type = JKS
	value.deserializer = class org.apache.kafka.common.serialization.StringDeserializer

2025-11-14 14:36:45 [INFO ] main AppInfoParser.java:119 org.apache.kafka.common.utils.AppInfoParser Kafka version: 3.0.2
2025-11-14 14:36:45 [INFO ] main AppInfoParser.java:120 org.apache.kafka.common.utils.AppInfoParser Kafka commitId: 25b1aea02e37da14
2025-11-14 14:36:45 [INFO ] main AppInfoParser.java:121 org.apache.kafka.common.utils.AppInfoParser Kafka startTimeMs: 1763102205539
2025-11-14 14:36:45 [INFO ] main KafkaConsumer.java:966 org.apache.kafka.clients.consumer.KafkaConsumer [Consumer clientId=consumer-test3-6, groupId=test3] Subscribed to topic(s): asap_superset
2025-11-14 14:36:45 [INFO ] main DirectJDKLog.java:173 org.apache.coyote.http11.Http11NioProtocol Starting ProtocolHandler ["http-nio-8090"]
2025-11-14 14:36:45 [INFO ] main TomcatWebServer.java:220 org.springframework.boot.web.embedded.tomcat.TomcatWebServer Tomcat started on port(s): 8090 (http) with context path ''
2025-11-14 14:36:45 [INFO ] main StartupInfoLogger.java:61 com.mobile.outalarm2.OutAlarm2Application Started OutAlarm2Application in 3.883 seconds (JVM running for 6.69)
